<?xml version="1.0" encoding="UTF-8"?>
<!-- Generated by org.testng.reporters.JUnitXMLReporter -->
<testsuite ignored="0" hostname="Bharath" failures="0" tests="4" name="EdgeTest" time="0.065" errors="0" timestamp="2025-02-14T22:28:45 IST">
  <testcase classname="com.framework.testng.concepts.AppCommons" name="TestCase1" time="0.012"/>
  <testcase classname="com.framework.testng.concepts.AppCommons" name="TestCase3" time="0.006"/>
  <testcase classname="com.framework.testng.concepts.AppCommons" name="TestCase3" time="0.002"/>
  <testcase classname="com.framework.testng.concepts.AppCommons" name="TestCase2" time="0.001"/>
</testsuite> <!-- EdgeTest -->
