<?xml version="1.0" encoding="UTF-8"?>
<!-- Generated by org.testng.reporters.JUnitXMLReporter -->
<testsuite ignored="1" hostname="Bharath" failures="0" tests="3" name="Test" time="0.048" errors="0" timestamp="2025-02-14T22:24:21 IST">
  <testcase classname="com.framework.testng.concepts.AppCommons" name="TestCase1" time="0.008"/>
  <testcase classname="com.framework.testng.concepts.AppCommons" name="TestCase3" time="0.001"/>
  <testcase classname="com.framework.testng.concepts.AppCommons" name="TestCase3" time="0.0"/>
  <testcase classname="com.framework.testng.concepts.AppCommons" name="TestCase2" time="0.0">
    <ignored/>
  </testcase> <!-- TestCase2 -->
</testsuite> <!-- Test -->
